
Showing logs for build [32mcb-kubecd-environment-pr-230-17-bzjs6-1[0m stage [32mfrom-build-pack[0m and container [32mstep-credential-initializer-rw552[0m
{"level":"info","ts":1590288137.1510217,"logger":"fallback-logger","caller":"logging/config.go:69","msg":"Fetch GitHub commit ID from kodata failed: open /var/run/ko/refs/heads/0.8.0-ns-support: no such file or directory"}
{"level":"info","ts":1590288137.1515243,"logger":"fallback-logger","caller":"creds-init/main.go:40","msg":"Credentials initialized."}

Showing logs for build [32mcb-kubecd-environment-pr-230-17-bzjs6-1[0m stage [32mfrom-build-pack[0m and container [32mstep-working-dir-initializer-9v85h[0m
{"level":"info","ts":1590288138.5006187,"logger":"fallback-logger","caller":"logging/config.go:69","msg":"Fetch GitHub commit ID from kodata failed: open /var/run/ko/HEAD: no such file or directory"}
{"level":"info","ts":1590288138.5040708,"logger":"fallback-logger","caller":"bash/main.go:64","msg":"Successfully executed command \"sh -c mkdir -p /workspace/source\"; output "}

Showing logs for build [32mcb-kubecd-environment-pr-230-17-bzjs6-1[0m stage [32mfrom-build-pack[0m and container [32mstep-place-tools[0m

Showing logs for build [32mcb-kubecd-environment-pr-230-17-bzjs6-1[0m stage [32mfrom-build-pack[0m and container [32mstep-git-source-cb-kubecd-environment-pr-230-17-bzjs6-zjbw6[0m
{"level":"info","ts":1590288163.6471663,"logger":"fallback-logger","caller":"logging/config.go:69","msg":"Fetch GitHub commit ID from kodata failed: open /var/run/ko/refs/heads/0.8.0-ns-support: no such file or directory"}
{"level":"info","ts":1590288164.65402,"logger":"fallback-logger","caller":"git/git.go:103","msg":"Successfully cloned https://github.com/cb-kubecd/environment-pr-230-17-boot-gke-production.git @ master in path /workspace/source"}

Showing logs for build [32mcb-kubecd-environment-pr-230-17-bzjs6-1[0m stage [32mfrom-build-pack[0m and container [32mstep-git-merge[0m
Using SHAs from PULL_REFS=master:73de6b18f97d2a6f3be2b30d6a765355b264a6e6,1:29f9d6026beb767d42be468e44814b6b330a041a
DEBUG: LC_ALL=C JX_LOG_LEVEL=error git fetch origin --unshallow 29f9d6026beb767d42be468e44814b6b330a041a: 73de6b18f97d2a6f3be2b30d6a765355b264a6e6:
DEBUG: ran git fetch --unshallow origin 29f9d6026beb767d42be468e44814b6b330a041a: 73de6b18f97d2a6f3be2b30d6a765355b264a6e6: in 
DEBUG: LC_ALL=C JX_LOG_LEVEL=error git branch
DEBUG: JX_LOG_LEVEL=error LC_ALL=C git checkout master
DEBUG: ran git checkout master in 
DEBUG: LC_ALL=C JX_LOG_LEVEL=error git reset --hard 73de6b18f97d2a6f3be2b30d6a765355b264a6e6
DEBUG: ran git reset --hard 73de6b18f97d2a6f3be2b30d6a765355b264a6e6 in 
DEBUG: LC_ALL=C JX_LOG_LEVEL=error git clean -fd .
DEBUG: ran clean --force -d . in 
DEBUG: JX_LOG_LEVEL=error LC_ALL=C git merge 29f9d6026beb767d42be468e44814b6b330a041a
DEBUG: ran git merge 29f9d6026beb767d42be468e44814b6b330a041a in 
DEBUG: LC_ALL=C JX_LOG_LEVEL=error git log --format=%H%x1f%an%x1f%ae%x1f%cn%x1f%ce%x1f%s%n%b%x1e 73de6b18f97d2a6f3be2b30d6a765355b264a6e6..HEAD
Merged SHA 29f9d6026beb767d42be468e44814b6b330a041a with commit message 'chore: Promote bdd-spring-1590287210 to version 0.0.1' into base branch master

Showing logs for build [32mcb-kubecd-environment-pr-230-17-bzjs6-1[0m stage [32mfrom-build-pack[0m and container [32mstep-build-helm-build[0m
WARNING: No $CHART_REPOSITORY defined so using the default value of: http://jenkins-x-chartmuseum:8080
Adding missing Helm repo: storage.googleapis.com https://storage.googleapis.com/chartmuseum.jenkins-x.io
WARNING: No secrets found on "helm/repos" due: reading the secret "helm/repos" from vault: no secret "helm/repos" not found in vault
Read credentials for https://storage.googleapis.com/chartmuseum.jenkins-x.io from vault helm/repos
Successfully added Helm repository storage.googleapis.com.
Adding missing Helm repo: jenkins-x-chartmuseum http://jenkins-x-chartmuseum:8080
WARNING: No secrets found on "helm/repos" due: reading the secret "helm/repos" from vault: no secret "helm/repos" not found in vault
Read credentials for http://jenkins-x-chartmuseum:8080 from vault helm/repos
Successfully added Helm repository jenkins-x-chartmuseum.
WARNING: No $CHART_REPOSITORY defined so using the default value of: http://jenkins-x-chartmuseum:8080
Adding missing Helm repo: chartmuseum.jenkins-x.io http://chartmuseum.jenkins-x.io
WARNING: No secrets found on "helm/repos" due: reading the secret "helm/repos" from vault: no secret "helm/repos" not found in vault
Read credentials for http://chartmuseum.jenkins-x.io from vault helm/repos
Successfully added Helm repository chartmuseum.jenkins-x.io.
